<?xml version="1.0" encoding="UTF-8"?>
<!-- Generated by org.testng.reporters.JUnitReportReporter -->
<testsuite hostname="LAPTOP-S49LK0DA" failures="0" tests="1" name="rest.assured.APITest" time="5.101" errors="0" timestamp="2021-08-10T09:56:10 IST" skipped="0">
  <testcase classname="rest.assured.APITest" name="tester" time="5.101"/>
  <system-out/>
</testsuite> <!-- rest.assured.APITest -->
